<?xml version="1.0" encoding="UTF-8"?>
<!-- Generated by org.testng.reporters.JUnitReportReporter -->
<testsuite hostname="AWAMRCCHNLT0032" failures="0" tests="1" name="Pages.Runner" time="19.613" errors="0" timestamp="2025-02-17T19:06:55 IST" skipped="0">
  <testcase classname="Pages.Runner" name="runScenario" time="19.613"/>
  <system-out/>
</testsuite> <!-- Pages.Runner -->
