<?xml version="1.0" encoding="UTF-8"?>
<!-- Generated by org.testng.reporters.JUnitReportReporter -->
<testsuite hostname="AWAMRCCHNLT0032" failures="0" tests="2" name="Pages.Runner" time="28.222" errors="2" timestamp="2025-04-12T10:31:45 IST" skipped="0">
  <testcase classname="Pages.Runner" name="runScenario" time="11.734">
    <error message="Cannot invoke &quot;Pages.PageObjectManager.getHome()&quot; because &quot;this.Page&quot; is null" type="java.lang.NullPointerException">
      <![CDATA[java.lang.NullPointerException: Cannot invoke "Pages.PageObjectManager.getHome()" because "this.Page" is null
at AutomationSteps.LoginUserWithValidCredSteps.verifyhomepage(LoginUserWithValidCredSteps.java:25)
at ✽.Verify that home page is visible successfully "Website for automation practice"(file:///D:/Shrirang.Ladda/git/EmployeeCounsellorProject/src/test/resources/LoginUserwithValidCred.feature:7)
]]>
    </error>
  </testcase> <!-- runScenario -->
  <system-out/>
  <testcase classname="Pages.Runner" name="runScenario" time="16.488">
    <error message="Cannot invoke &quot;Pages.PageObjectManager.getHome()&quot; because &quot;this.Page&quot; is null" type="java.lang.NullPointerException">
      <![CDATA[java.lang.NullPointerException: Cannot invoke "Pages.PageObjectManager.getHome()" because "this.Page" is null
at AutomationSteps.LoginUserWithValidCredSteps.verifyhomepage(LoginUserWithValidCredSteps.java:25)
at ✽.Verify that home page is visible successfully "Website for automation practice"(file:///D:/Shrirang.Ladda/git/EmployeeCounsellorProject/src/test/resources/LoginUserwithValidCred.feature:7)
]]>
    </error>
  </testcase> <!-- runScenario -->
  <system-out/>
</testsuite> <!-- Pages.Runner -->
