<?xml version="1.0" encoding="UTF-8"?>
<!-- Generated by org.testng.reporters.JUnitReportReporter -->
<testsuite hostname="AWAMRCCHNLT0032" failures="0" tests="1" name="Pages.Runner" time="41.786" errors="0" timestamp="2025-02-05T20:13:46 IST" skipped="0">
  <testcase classname="Pages.Runner" name="runScenario" time="41.786"/>
</testsuite> <!-- Pages.Runner -->
