<?xml version="1.0" encoding="UTF-8"?>
<!-- Generated by org.testng.reporters.JUnitReportReporter -->
<testsuite hostname="AWAMRCCHNLT0032" failures="0" tests="1" name="Pages.Runner" time="14.758" errors="0" timestamp="2025-01-21T22:47:10 IST" skipped="0">
  <testcase classname="Pages.Runner" name="runScenario" time="14.758"/>
</testsuite> <!-- Pages.Runner -->
